[2025-10-03 10:07:32] [INFO] [INIT] Log file: ./output/logs/Jeremys-MacBook-Air_20251003_100732_audit.log
[2025-10-03 10:07:32] [INFO] [CONFIG] Loading configuration from: ./config/macos-audit-config.json
[2025-10-03 10:07:32] [SUCCESS] [CONFIG] Configuration loaded: v1.0.0
[2025-10-03 10:07:32] [WARNING] [INIT] Not running as root - some data collection may be limited
[2025-10-03 10:07:32] [INFO] [SYSTEM] Collecting system information...
[2025-10-03 10:07:32] [SUCCESS] [MODULE] Loaded module: get_system_information
[2025-10-03 10:07:32] [INFO] [SYSTEM] Collecting macOS system information...
[2025-10-03 10:07:32] [INFO] [SYSTEM] Checking printer configuration...
[2025-10-03 10:07:32] [INFO] [SYSTEM] Checking for open risky ports...
[2025-10-03 10:07:32] [SUCCESS] [SYSTEM] System information collection completed - 5 findings
[2025-10-03 10:07:32] [INFO] [SECURITY] Analyzing security settings...
[2025-10-03 10:07:32] [SUCCESS] [MODULE] Loaded module: get_security_settings
[2025-10-03 10:07:32] [INFO] [SECURITY] Analyzing macOS security settings...
[2025-10-03 10:07:32] [INFO] [SECURITY] Checking XProtect malware protection...
[2025-10-03 10:07:32] [INFO] [SECURITY] Checking Gatekeeper configuration...
[2025-10-03 10:07:33] [INFO] [SECURITY] Checking System Integrity Protection...
[2025-10-03 10:07:33] [INFO] [SECURITY] Checking firewall configuration...
[2025-10-03 10:07:33] [INFO] [SECURITY] Checking FileVault encryption...
[2025-10-03 10:07:33] [INFO] [SECURITY] Checking for third-party security software...
[2025-10-03 10:07:33] [INFO] [SECURITY] Checking for RMM (Remote Monitoring and Management) tools...
[2025-10-03 10:07:33] [INFO] [SECURITY] Checking privacy and security settings...
[2025-10-03 10:07:33] [INFO] [SECURITY] Checking screen lock settings...
[2025-10-03 10:07:33] [INFO] [SECURITY] Checking MDM enrollment status...
[2025-10-03 10:07:33] [INFO] [SECURITY] Checking device supervision status...
[2025-10-03 10:07:34] [INFO] [SECURITY] Checking configuration profiles...
[2025-10-03 10:07:34] [INFO] [SECURITY] Checking iCloud status...
[2025-10-03 10:07:34] [INFO] [SECURITY] Checking Find My status...
[2025-10-03 10:07:34] [INFO] [SECURITY] Checking screen sharing settings...
[2025-10-03 10:07:34] [INFO] [SECURITY] Checking file sharing services...
[2025-10-03 10:07:34] [INFO] [SECURITY] Checking AirDrop status...
[2025-10-03 10:07:34] [INFO] [SECURITY] Checking for RMM agents...
[2025-10-03 10:07:34] [INFO] [SECURITY] Checking backup solutions...
[2025-10-03 10:07:35] [INFO] [SECURITY] Checking managed login providers...
[2025-10-03 10:07:35] [SUCCESS] [SECURITY] Security settings analysis completed - 25 findings
[2025-10-03 10:07:35] [INFO] [USERS] Analyzing user accounts...
[2025-10-03 10:07:35] [SUCCESS] [MODULE] Loaded module: get_user_account_analysis
[2025-10-03 10:07:35] [INFO] [USERS] Analyzing user accounts...
[2025-10-03 10:07:35] [INFO] [USERS] Analyzing local user accounts...
[2025-10-03 10:07:35] [INFO] [USERS] Checking administrator accounts...
[2025-10-03 10:07:35] [INFO] [USERS] Checking for disabled accounts...
[2025-10-03 10:07:35] [INFO] [USERS] Checking password policies...
[2025-10-03 10:07:35] [INFO] [USERS] Checking for passwordless accounts...
[2025-10-03 10:07:35] [INFO] [USERS] Checking login items...
[2025-10-03 10:07:35] [INFO] [USERS] Checking user group memberships...
[2025-10-03 10:07:35] [SUCCESS] [USERS] User account analysis completed - 7 findings
[2025-10-03 10:07:35] [INFO] [NETWORK] Analyzing network configuration...
[2025-10-03 10:07:35] [SUCCESS] [MODULE] Loaded module: get_network_analysis
[2025-10-03 10:07:35] [INFO] [NETWORK] Analyzing network configuration...
[2025-10-03 10:07:35] [INFO] [NETWORK] Checking network interfaces...
[2025-10-03 10:07:35] [INFO] [NETWORK] Checking Wi-Fi configuration...
[2025-10-03 10:07:36] [INFO] [NETWORK] Checking DNS configuration...
[2025-10-03 10:07:36] [INFO] [NETWORK] Checking active network connections...
[2025-10-03 10:07:36] [INFO] [NETWORK] Checking network sharing services...
[2025-10-03 10:07:36] [INFO] [NETWORK] Checking VPN connections...
[2025-10-03 10:07:36] [SUCCESS] [NETWORK] Network analysis completed - 13 findings
[2025-10-03 10:07:36] [INFO] [SOFTWARE] Collecting software inventory...
[2025-10-03 10:07:36] [SUCCESS] [MODULE] Loaded module: get_software_inventory
[2025-10-03 10:07:36] [INFO] [SOFTWARE] Collecting macOS software inventory...
[2025-10-03 10:07:36] [INFO] [SOFTWARE] Scanning /Applications directory...
[2025-10-03 10:07:36] [INFO] [SOFTWARE] Checking critical software versions...
[2025-10-03 10:07:36] [INFO] [SOFTWARE] Checking for development tools...
[2025-10-03 10:07:36] [INFO] [SOFTWARE] Checking for remote access software...
[2025-10-03 10:07:37] [INFO] [SOFTWARE] Checking browser security...
[2025-10-03 10:07:37] [INFO] [SOFTWARE] Checking for package managers...
[2025-10-03 10:07:37] [SUCCESS] [SOFTWARE] Software inventory completed - 12 findings
[2025-10-03 10:07:37] [INFO] [PATCHING] Checking patch status...
[2025-10-03 10:07:37] [SUCCESS] [MODULE] Loaded module: get_patch_status
[2025-10-03 10:07:37] [INFO] [PATCHING] Checking patch status and updates...
[2025-10-03 10:07:37] [INFO] [PATCHING] Checking macOS version...
[2025-10-03 10:07:37] [INFO] [PATCHING] Checking for available updates...
[2025-10-03 10:07:37] [INFO] [PATCHING] Scanning for available updates (30 second timeout)...
[2025-10-03 10:07:37] [INFO] [PATCHING] Using direct softwareupdate check...
[2025-10-03 10:07:44] [INFO] [PATCHING] Checking automatic update settings...
[2025-10-03 10:07:44] [INFO] [PATCHING] Checking XProtect malware definitions...
[2025-10-03 10:07:44] [SUCCESS] [PATCHING] Patch status analysis completed - 6 findings
[2025-10-03 10:07:44] [INFO] [STORAGE] Analyzing disk space...
[2025-10-03 10:07:44] [SUCCESS] [MODULE] Loaded module: get_disk_space_analysis
[2025-10-03 10:07:44] [INFO] [STORAGE] Analyzing disk space...
[2025-10-03 10:07:44] [INFO] [STORAGE] Checking disk usage for mounted volumes...
[2025-10-03 10:07:44] [SUCCESS] [STORAGE] Disk space analysis completed - 2 findings
[2025-10-03 10:07:44] [INFO] [MEMORY] Analyzing memory usage...
[2025-10-03 10:07:44] [SUCCESS] [MODULE] Loaded module: get_memory_analysis
[2025-10-03 10:07:44] [INFO] [MEMORY] Analyzing memory usage...
[2025-10-03 10:07:44] [INFO] [MEMORY] Checking memory configuration and usage...
[2025-10-03 10:07:44] [INFO] [MEMORY] Checking for memory-intensive processes...
[2025-10-03 10:07:44] [SUCCESS] [MEMORY] Memory analysis completed - 3 findings
[2025-10-03 10:07:44] [INFO] [PROCESSES] Analyzing running processes...
[2025-10-03 10:07:44] [SUCCESS] [MODULE] Loaded module: get_process_analysis
[2025-10-03 10:07:44] [INFO] [PROCESSES] Analyzing running processes...
[2025-10-03 10:07:44] [INFO] [PROCESSES] Collecting running process information...
[2025-10-03 10:07:44] [INFO] [PROCESSES] Analyzing CPU usage by processes...
[2025-10-03 10:07:44] [INFO] [PROCESSES] Analyzing memory usage by processes...
[2025-10-03 10:07:44] [SUCCESS] [PROCESSES] Process analysis completed - 2 findings
[2025-10-03 10:07:44] [INFO] [REPORT] Generating assessment reports...
[2025-10-03 10:07:44] [SUCCESS] [MODULE] Loaded module: export_reports
[2025-10-03 10:07:44] [INFO] [REPORT] Starting report generation...
[2025-10-03 10:07:44] [INFO] [REPORT] Collecting findings from all modules...
[2025-10-03 10:07:44] [INFO] [REPORT] Collecting findings from get_system_findings...
[2025-10-03 10:07:44] [INFO] [REPORT] Collecting findings from get_security_findings...
[2025-10-03 10:07:44] [INFO] [REPORT] Collecting findings from get_software_findings...
[2025-10-03 10:07:44] [INFO] [REPORT] Collecting findings from get_network_findings...
[2025-10-03 10:07:44] [INFO] [REPORT] Collecting findings from get_user_findings...
[2025-10-03 10:07:44] [INFO] [REPORT] Collecting findings from get_patch_findings...
[2025-10-03 10:07:44] [INFO] [REPORT] Collecting findings from get_disk_findings...
[2025-10-03 10:07:45] [INFO] [REPORT] Collecting findings from get_memory_findings...
[2025-10-03 10:07:45] [INFO] [REPORT] Collecting findings from get_process_findings...
[2025-10-03 10:07:45] [SUCCESS] [REPORT] Collected 76 total findings
[2025-10-03 10:07:45] [INFO] [REPORT] Generating technician report...
[2025-10-03 10:07:49] [SUCCESS] [REPORT] Technician report generated: ./output/Jeremys-MacBook-Air_20251003_100732_technician_report.md
[2025-10-03 10:07:49] [INFO] [REPORT] Generating JSON raw data export...
[2025-10-03 10:07:51] [SUCCESS] [REPORT] JSON raw data exported: ./output/Jeremys-MacBook-Air_20251003_100732_raw_data.json
[2025-10-03 10:07:51] [SUCCESS] [REPORT] All reports generated successfully
[2025-10-03 10:07:51] [SUCCESS] [COMPLETE] Assessment completed in 0m 19s
[2025-10-03 10:07:52] [INFO] [COMPLETE] Reports saved to: ./output
[2025-10-03 10:07:52] [INFO] [COMPLETE] Generated        2 output files
